<?xml version="1.0" encoding="UTF-8"?>
<!-- Generated by org.testng.reporters.JUnitReportReporter -->
<testsuite hostname="MISHRA" failures="0" tests="1" name="vtiger.CreateVendorWithCampaign$Product.CreateTroubleTicketsWithProductAndOrg" time="52.286" errors="0" timestamp="2023-03-05T20:40:52 IST" skipped="0">
  <testcase classname="vtiger.CreateVendorWithCampaign$Product.CreateTroubleTicketsWithProductAndOrg" name="createTroubleTicket" time="52.286"/>
  <system-out/>
</testsuite> <!-- vtiger.CreateVendorWithCampaign$Product.CreateTroubleTicketsWithProductAndOrg -->
