<?xml version="1.0" encoding="UTF-8"?>
<!-- Generated by org.testng.reporters.JUnitReportReporter -->
<testsuite hostname="MISHRA" failures="0" tests="1" name="vtiger.OrganizationsTests.CreateOrgWithMultipleDataTest" time="0.000" errors="0" timestamp="2023-03-09T21:15:18 IST" skipped="1">
  <testcase classname="vtiger.OrganizationsTests.CreateOrgWithMultipleDataTest" name="createOrgWithIndustry" time="0.000">
    <skipped/>
  </testcase> <!-- createOrgWithIndustry -->
  <system-out/>
</testsuite> <!-- vtiger.OrganizationsTests.CreateOrgWithMultipleDataTest -->
