<?xml version="1.0" encoding="UTF-8"?>
<!-- Generated by org.testng.reporters.JUnitReportReporter -->
<testsuite hostname="MISHRA" failures="0" tests="1" name="practice.createOrganizationslinkpractice" time="17.845" errors="0" timestamp="2023-02-21T16:51:46 IST" skipped="0">
  <testcase classname="practice.createOrganizationslinkpractice" name="drophandle" time="17.845"/>
  <system-out/>
</testsuite> <!-- practice.createOrganizationslinkpractice -->
