<?xml version="1.0" encoding="UTF-8"?>
<!-- Generated by org.testng.reporters.JUnitReportReporter -->
<testsuite hostname="MISHRA" failures="0" tests="2" name="practice.DataProviderPractice" time="29.775" errors="0" timestamp="2023-03-09T21:21:00 IST" skipped="0">
  <testcase classname="practice.DataProviderPractice" name="getCorrectLogin" time="14.538"/>
  <system-out/>
  <testcase classname="practice.DataProviderPractice" name="getCorrectLogin" time="15.237"/>
  <system-out/>
</testsuite> <!-- practice.DataProviderPractice -->
