<?xml version="1.0" encoding="UTF-8"?>
<!-- Generated by org.testng.reporters.JUnitReportReporter -->
<testsuite hostname="MISHRA" failures="0" tests="1" name="vtiger.ContactsTest.CreateContactsWithOrganization" time="24.416" errors="0" timestamp="2023-02-28T13:40:21 IST" skipped="0">
  <testcase classname="vtiger.ContactsTest.CreateContactsWithOrganization" name="createContactWithOrgTest" time="24.416"/>
  <system-out/>
</testsuite> <!-- vtiger.ContactsTest.CreateContactsWithOrganization -->
