<?xml version="1.0" encoding="UTF-8"?>
<!-- Generated by org.testng.reporters.JUnitReportReporter -->
<testsuite hostname="MISHRA" failures="0" tests="1" name="vtiger.CreateVendorWithCampaign$Product.CreateVendorWithCampProductTest" time="34.072" errors="0" timestamp="2023-03-29T13:34:33 IST" skipped="0">
  <testcase classname="vtiger.CreateVendorWithCampaign$Product.CreateVendorWithCampProductTest" name="createVenWithCampAndProduct" time="34.072"/>
  <system-out>
    <![CDATA[click on vendor link created successfully
click on vendor img created successfully
create vendor with GL Account created successfully
Vendor created successfully
product created sucessfully
Campaign created with product]]>
  </system-out>
</testsuite> <!-- vtiger.CreateVendorWithCampaign$Product.CreateVendorWithCampProductTest -->
