<?xml version="1.0" encoding="UTF-8"?>
<!-- Generated by org.testng.reporters.JUnitReportReporter -->
<testsuite hostname="MISHRA" failures="0" tests="1" name="practice.WritedataInexcelsheet" time="0.614" errors="0" timestamp="2023-02-14T13:37:20 IST" skipped="0">
  <testcase classname="practice.WritedataInexcelsheet" name="writedata" time="0.614"/>
  <system-out/>
</testsuite> <!-- practice.WritedataInexcelsheet -->
