<?xml version="1.0" encoding="UTF-8"?>
<!-- Generated by org.testng.reporters.JUnitReportReporter -->
<testsuite hostname="MISHRA" failures="0" tests="1" name="vtiger.CreateVendorWithCampaign$Product.CreateTroubleTicketsWithProductAndOrgTest" time="57.272" errors="0" timestamp="2023-04-10T23:16:04 IST" skipped="0">
  <testcase classname="vtiger.CreateVendorWithCampaign$Product.CreateTroubleTicketsWithProductAndOrgTest" name="createTroubleTicket" time="57.272"/>
  <system-out>
    <![CDATA[click on organization link created successfully
click on org button from org page created successfully
creating org with org name successfully
Organization is created
click on contacts created successful
click on contacts button successful
create contacts with last name and org name successful
contact is created
click on product link created successful
click on product img created successful
Product created
click on Trouble Ticket successful
click on Trouble Ticket img successful
Ticket created successfully]]>
  </system-out>
</testsuite> <!-- vtiger.CreateVendorWithCampaign$Product.CreateTroubleTicketsWithProductAndOrgTest -->
