<?xml version="1.0" encoding="UTF-8"?>
<!-- Generated by org.testng.reporters.JUnitReportReporter -->
<testsuite hostname="MISHRA" failures="0" tests="1" name="practice.ReadDataFromCmdLine" time="0.006" errors="0" timestamp="2023-03-20T12:56:59 IST" skipped="0">
  <testcase classname="practice.ReadDataFromCmdLine" name="readDataFromCmd" time="0.006"/>
  <system-out/>
</testsuite> <!-- practice.ReadDataFromCmdLine -->
