<?xml version="1.0" encoding="UTF-8"?>
<!-- Generated by org.testng.reporters.JUnitReportReporter -->
<testsuite hostname="MISHRA" failures="0" tests="4" name="practice.TestNGPractice" time="0.007" errors="0" timestamp="2023-03-09T17:54:07 IST" skipped="0">
  <testcase classname="practice.TestNGPractice" name="updateUser" time="0.001"/>
  <system-out/>
  <testcase classname="practice.TestNGPractice" name="deleteUser" time="0.000"/>
  <system-out/>
  <testcase classname="practice.TestNGPractice" name="createUser" time="0.005"/>
  <system-out/>
  <testcase classname="practice.TestNGPractice" name="createUser" time="0.001"/>
  <system-out/>
</testsuite> <!-- practice.TestNGPractice -->
