<?xml version="1.0" encoding="UTF-8"?>
<!-- Generated by org.testng.reporters.JUnitReportReporter -->
<testsuite hostname="MISHRA" failures="0" tests="1" name="practice.PropertyFilepractice" time="0.010" errors="0" timestamp="2023-02-13T13:35:15 IST" skipped="0">
  <testcase classname="practice.PropertyFilepractice" name="datafrompropertiesfile" time="0.010"/>
  <system-out/>
</testsuite> <!-- practice.PropertyFilepractice -->
