<?xml version="1.0" encoding="UTF-8"?>
<!-- Generated by org.testng.reporters.JUnitReportReporter -->
<testsuite hostname="MISHRA" failures="0" tests="1" name="vtiger.ProductsTest.CreateProductWithCampaignTest" time="22.707" errors="0" timestamp="2023-03-09T21:14:36 IST" skipped="0">
  <testcase classname="vtiger.ProductsTest.CreateProductWithCampaignTest" name="createProductTest" time="22.707"/>
  <system-out>
    <![CDATA[Product created
[ CAM22 ] Qspider - Campaign Information Campaign created with product]]>
  </system-out>
</testsuite> <!-- vtiger.ProductsTest.CreateProductWithCampaignTest -->
