<?xml version="1.0" encoding="UTF-8"?>
<!-- Generated by org.testng.reporters.JUnitReportReporter -->
<testsuite hostname="MISHRA" failures="0" tests="1" name="vtiger.ContactsTest.POMCreateContactsWithOrg" time="23.737" errors="0" timestamp="2023-03-02T14:29:16 IST" skipped="0">
  <testcase classname="vtiger.ContactsTest.POMCreateContactsWithOrg" name="createContactWithOrg" time="23.737"/>
  <system-out/>
</testsuite> <!-- vtiger.ContactsTest.POMCreateContactsWithOrg -->
