<?xml version="1.0" encoding="UTF-8"?>
<!-- Generated by org.testng.reporters.JUnitReportReporter -->
<testsuite hostname="MISHRA" failures="0" tests="1" name="vtiger.ProductsTest.CreateProductWithCampaign" time="19.787" errors="0" timestamp="2023-03-02T12:00:04 IST" skipped="0">
  <testcase classname="vtiger.ProductsTest.CreateProductWithCampaign" name="createProduct" time="19.787"/>
  <system-out/>
</testsuite> <!-- vtiger.ProductsTest.CreateProductWithCampaign -->
