<?xml version="1.0" encoding="UTF-8"?>
<!-- Generated by org.testng.reporters.JUnitReportReporter -->
<testsuite hostname="MISHRA" failures="0" tests="1" name="practice.WebTablePratice" time="12.580" errors="0" timestamp="2023-04-12T12:07:00 IST" skipped="0">
  <testcase classname="practice.WebTablePratice" name="webtablePractice" time="12.580"/>
  <system-out/>
</testsuite> <!-- practice.WebTablePratice -->
