<?xml version="1.0" encoding="UTF-8"?>
<!-- Generated by org.testng.reporters.JUnitReportReporter -->
<testsuite hostname="MISHRA" failures="0" tests="1" name="practice.CreateLeadspractice" time="16.324" errors="0" timestamp="2023-02-21T16:26:24 IST" skipped="0">
  <testcase classname="practice.CreateLeadspractice" name="createlead" time="16.324"/>
  <system-out/>
</testsuite> <!-- practice.CreateLeadspractice -->
