<?xml version="1.0" encoding="UTF-8"?>
<!-- Generated by org.testng.reporters.JUnitReportReporter -->
<testsuite hostname="MISHRA" failures="0" tests="1" name="vtiger.createOpportunityWithOrg.CreateOppWithContact" time="28.941" errors="0" timestamp="2023-02-28T13:51:26 IST" skipped="0">
  <testcase classname="vtiger.createOpportunityWithOrg.CreateOppWithContact" name="createOppWithContTest" time="28.941"/>
  <system-out/>
</testsuite> <!-- vtiger.createOpportunityWithOrg.CreateOppWithContact -->
