<?xml version="1.0" encoding="UTF-8"?>
<!-- Generated by org.testng.reporters.JUnitReportReporter -->
<testsuite hostname="MISHRA" failures="0" tests="1" name="practice.AssertionPractice" time="0.008" errors="0" timestamp="2023-03-16T15:03:35 IST" skipped="0">
  <testcase classname="practice.AssertionPractice" name="sample1" time="0.008"/>
  <system-out/>
</testsuite> <!-- practice.AssertionPractice -->
