<?xml version="1.0" encoding="UTF-8"?>
<!-- Generated by org.testng.reporters.JUnitReportReporter -->
<testsuite hostname="MISHRA" failures="0" tests="1" name="practice.CreateOrganizationDrop2" time="17.226" errors="0" timestamp="2023-02-21T16:46:14 IST" skipped="0">
  <testcase classname="practice.CreateOrganizationDrop2" name="dropdown2" time="17.226"/>
  <system-out/>
</testsuite> <!-- practice.CreateOrganizationDrop2 -->
