<?xml version="1.0" encoding="UTF-8"?>
<!-- Generated by org.testng.reporters.JUnitReportReporter -->
<testsuite hostname="MISHRA" failures="0" tests="1" name="practice.ReadDataFromExcelsheet" time="0.815" errors="0" timestamp="2023-02-14T12:54:26 IST" skipped="0">
  <testcase classname="practice.ReadDataFromExcelsheet" name="datafromexcelsheet" time="0.815"/>
  <system-out/>
</testsuite> <!-- practice.ReadDataFromExcelsheet -->
