<?xml version="1.0" encoding="UTF-8"?>
<!-- Generated by org.testng.reporters.JUnitReportReporter -->
<testsuite hostname="MISHRA" failures="0" tests="1" name="vtiger.createOpportunityWithOrg.CreateOppWithContactTest" time="38.379" errors="0" timestamp="2023-03-29T13:29:23 IST" skipped="0">
  <testcase classname="vtiger.createOpportunityWithOrg.CreateOppWithContactTest" name="createOppWithContTest" time="38.379"/>
  <system-out>
    <![CDATA[click on organization link created successfully
click on org button from org page created successfully
creating org with org name successfully
organization created successfully
click on contacts created successfully
click on contacts button created successfully
create contacts with last name and org name successfully
contact created successfully
click on opportunity link created successfully
click on opp img created successfully
create opportunity with orgname created successfully
opportunity with orgname created]]>
  </system-out>
</testsuite> <!-- vtiger.createOpportunityWithOrg.CreateOppWithContactTest -->
