<?xml version="1.0" encoding="UTF-8"?>
<!-- Generated by org.testng.reporters.JUnitReportReporter -->
<testsuite hostname="MISHRA" failures="0" tests="1" name="vtiger.createOpportunityWithOrg.CreateOppWithOrgTest" time="38.035" errors="0" timestamp="2023-03-22T12:08:25 IST" skipped="0">
  <testcase classname="vtiger.createOpportunityWithOrg.CreateOppWithOrgTest" name="createOppWithOTest" time="38.035"/>
  <system-out>
    <![CDATA[Organization created successfully
opportunity created]]>
  </system-out>
</testsuite> <!-- vtiger.createOpportunityWithOrg.CreateOppWithOrgTest -->
