<?xml version="1.0" encoding="UTF-8"?>
<!-- Generated by org.testng.reporters.JUnitReportReporter -->
<testsuite hostname="MISHRA" failures="0" tests="1" name="vtiger.ContactsTest.CreateContactsWithOrganizationTest" time="25.750" errors="0" timestamp="2023-03-20T22:46:32 IST" skipped="0">
  <testcase classname="vtiger.ContactsTest.CreateContactsWithOrganizationTest" name="createContactWithOrgTest" time="25.750"/>
  <system-out/>
</testsuite> <!-- vtiger.ContactsTest.CreateContactsWithOrganizationTest -->
