<?xml version="1.0" encoding="UTF-8"?>
<!-- Generated by org.testng.reporters.JUnitReportReporter -->
<testsuite hostname="MISHRA" failures="0" tests="1" name="vtiger.ProductsTest.CreateProductWithCampaignTest" time="19.983" errors="0" timestamp="2023-03-20T22:46:32 IST" skipped="0">
  <testcase classname="vtiger.ProductsTest.CreateProductWithCampaignTest" name="createProductTest" time="19.983"/>
  <system-out>
    <![CDATA[Product created
[ CAM35 ] Qspider - Campaign Information Campaign created with product]]>
  </system-out>
</testsuite> <!-- vtiger.ProductsTest.CreateProductWithCampaignTest -->
