<?xml version="1.0" encoding="UTF-8"?>
<!-- Generated by org.testng.reporters.JUnitReportReporter -->
<testsuite hostname="MISHRA" failures="0" tests="4" name="practice.TestNGPractice" time="0.012" errors="0" timestamp="2023-03-20T22:46:32 IST" skipped="0">
  <testcase classname="practice.TestNGPractice" name="updateUser" time="0.003"/>
  <system-out/>
  <testcase classname="practice.TestNGPractice" name="deleteUser" time="0.001"/>
  <system-out/>
  <testcase classname="practice.TestNGPractice" name="createUser" time="0.002"/>
  <system-out/>
  <testcase classname="practice.TestNGPractice" name="createUser" time="0.006"/>
  <system-out/>
</testsuite> <!-- practice.TestNGPractice -->
